#
# There is insufficient memory for the Java Runtime Environment to continue.
# Native memory allocation (malloc) failed to allocate 1914416 bytes for Chunk::new
# Possible reasons:
#   The system is out of physical RAM or swap space
#   The process is running with CompressedOops enabled, and the Java Heap may be blocking the growth of the native heap
# Possible solutions:
#   Reduce memory load on the system
#   Increase physical memory or swap space
#   Check if swap backing store is full
#   Decrease Java heap size (-Xmx/-Xms)
#   Decrease number of Java threads
#   Decrease Java thread stack sizes (-Xss)
#   Set larger code cache with -XX:ReservedCodeCacheSize=
#   JVM is running with Unscaled Compressed Oops mode in which the Java heap is
#     placed in the first 4GB address space. The Java Heap base address is the
#     maximum limit for the native heap growth. Please use -XX:HeapBaseMinAddress
#     to set the Java Heap base and to place the Java Heap above 4GB virtual address.
# This output file may be truncated or incomplete.
#
#  Out of Memory Error (t:/workspace/open/src/hotspot/share/memory/arena.cpp:197), pid=22536, tid=22668
#
# JRE version: OpenJDK Runtime Environment (11.0.2+9) (build 11.0.2+9)
# Java VM: OpenJDK 64-Bit Server VM (11.0.2+9, mixed mode, tiered, compressed oops, parallel gc, windows-amd64)
# No core dump will be written. Minidumps are not enabled by default on client versions of Windows
#

---------------  S U M M A R Y ------------

Command Line: --add-modules=ALL-SYSTEM --add-opens=java.base/java.util=ALL-UNNAMED --add-opens=java.base/java.lang=ALL-UNNAMED -Declipse.application=org.eclipse.jdt.ls.core.id1 -Dosgi.bundles.defaultStartLevel=4 -Declipse.product=org.eclipse.jdt.ls.core.product -Dfile.encoding=utf8 -DwatchParentProcess=false -XX:+UseParallelGC -XX:GCTimeRatio=4 -XX:AdaptiveSizePolicyWeight=90 -Dsun.zip.disableMemoryMapping=true -Xmx1G -Xms100m -Xverify:none c:\Users\PMRecife\.vscode\extensions\redhat.java-0.74.0\server\plugins\org.eclipse.equinox.launcher_1.6.0.v20200915-1508.jar -configuration c:\Users\PMRecife\AppData\Roaming\Code\User\globalStorage\redhat.java\0.74.0\config_win -data c:\Users\PMRecife\AppData\Roaming\Code\User\workspaceStorage\d1ab366f57f617f5db13cab5c88895f1\redhat.java\jdt_ws

Host: Intel(R) Core(TM) i3-7100U CPU @ 2.40GHz, 4 cores, 7G,  Windows 10 , 64 bit Build 18362 (10.0.18362.1110)
Time: Wed Jan 27 20:42:58 2021 Hora oficial do Brasil elapsed time: 18 seconds (0d 0h 0m 18s)

---------------  T H R E A D  ---------------

Current thread (0x000001ebb1d24000):  JavaThread "C2 CompilerThread0" daemon [_thread_in_native, id=22668, stack(0x000000ca37100000,0x000000ca37200000)]


Current CompileTask:
C2:  18892 4593   !   4       org.eclipse.osgi.internal.loader.classpath.ClasspathManager::defineClass (636 bytes)

Stack: [0x000000ca37100000,0x000000ca37200000]
Native frames: (J=compiled Java code, j=interpreted, Vv=VM code, C=native code)
V  [jvm.dll+0x63489a]
V  [jvm.dll+0x771f9f]
V  [jvm.dll+0x773648]
V  [jvm.dll+0x773d03]
V  [jvm.dll+0x25eba8]
V  [jvm.dll+0xc2191]
V  [jvm.dll+0xc271c]
V  [jvm.dll+0x36cc02]
V  [jvm.dll+0x1a95df]
V  [jvm.dll+0x218ad2]
V  [jvm.dll+0x217b6a]
V  [jvm.dll+0x194370]
V  [jvm.dll+0x226b3f]
V  [jvm.dll+0x225148]
V  [jvm.dll+0x73774d]
V  [jvm.dll+0x633942]
C  [ucrtbase.dll+0x210b2]
C  [KERNEL32.DLL+0x17c24]
C  [ntdll.dll+0x6d4d1]


---------------  P R O C E S S  ---------------

Threads class SMR info:
_java_thread_list=0x000001ebb7350e80, length=32, elements={
0x000001eb98055800, 0x000001ebb1d10800, 0x000001ebb1d14800, 0x000001ebb2eb2800,
0x000001ebb2eb3000, 0x000001ebb1d24000, 0x000001ebb1d26800, 0x000001ebb1d6e000,
0x000001ebb2fd0000, 0x000001ebb3137800, 0x000001ebb37a9800, 0x000001ebb3ffd000,
0x000001ebb379c800, 0x000001ebb34d6000, 0x000001ebb34d6800, 0x000001ebb406d000,
0x000001ebb33ef800, 0x000001ebb3879000, 0x000001ebb4427000, 0x000001ebb55bb800,
0x000001ebb55ba800, 0x000001ebb55bf800, 0x000001ebb55bd000, 0x000001ebb55c1000,
0x000001ebb55bc000, 0x000001ebb55c0800, 0x000001ebb55be000, 0x000001ebb55be800,
0x000001ebb6461800, 0x000001ebb645f000, 0x000001ebb645e000, 0x000001ebb64a2000
}

Java Threads: ( => current thread )
  0x000001eb98055800 JavaThread "main" [_thread_blocked, id=22628, stack(0x000000ca36a00000,0x000000ca36b00000)]
  0x000001ebb1d10800 JavaThread "Reference Handler" daemon [_thread_blocked, id=22672, stack(0x000000ca36d00000,0x000000ca36e00000)]
  0x000001ebb1d14800 JavaThread "Finalizer" daemon [_thread_blocked, id=22656, stack(0x000000ca36e00000,0x000000ca36f00000)]
  0x000001ebb2eb2800 JavaThread "Signal Dispatcher" daemon [_thread_blocked, id=22572, stack(0x000000ca36f00000,0x000000ca37000000)]
  0x000001ebb2eb3000 JavaThread "Attach Listener" daemon [_thread_blocked, id=22604, stack(0x000000ca37000000,0x000000ca37100000)]
=>0x000001ebb1d24000 JavaThread "C2 CompilerThread0" daemon [_thread_in_native, id=22668, stack(0x000000ca37100000,0x000000ca37200000)]
  0x000001ebb1d26800 JavaThread "C1 CompilerThread0" daemon [_thread_in_native, id=22664, stack(0x000000ca37200000,0x000000ca37300000)]
  0x000001ebb1d6e000 JavaThread "Sweeper thread" daemon [_thread_blocked, id=22560, stack(0x000000ca37300000,0x000000ca37400000)]
  0x000001ebb2fd0000 JavaThread "Common-Cleaner" daemon [_thread_blocked, id=22624, stack(0x000000ca37400000,0x000000ca37500000)]
  0x000001ebb3137800 JavaThread "Service Thread" daemon [_thread_blocked, id=22568, stack(0x000000ca37500000,0x000000ca37600000)]
  0x000001ebb37a9800 JavaThread "Equinox resolver thread - Equinox Container: 568c1bc6-2ab7-4b0a-83de-c0dbc755491e" daemon [_thread_blocked, id=13036, stack(0x000000ca37700000,0x000000ca37800000)]
  0x000001ebb3ffd000 JavaThread "Equinox resolver thread - Equinox Container: 568c1bc6-2ab7-4b0a-83de-c0dbc755491e" daemon [_thread_blocked, id=22020, stack(0x000000ca37800000,0x000000ca37900000)]
  0x000001ebb379c800 JavaThread "Equinox resolver thread - Equinox Container: 568c1bc6-2ab7-4b0a-83de-c0dbc755491e" daemon [_thread_blocked, id=19120, stack(0x000000ca37900000,0x000000ca37a00000)]
  0x000001ebb34d6000 JavaThread "Equinox resolver thread - Equinox Container: 568c1bc6-2ab7-4b0a-83de-c0dbc755491e" daemon [_thread_blocked, id=22768, stack(0x000000ca37a00000,0x000000ca37b00000)]
  0x000001ebb34d6800 JavaThread "Active Thread: Equinox Container: 568c1bc6-2ab7-4b0a-83de-c0dbc755491e" [_thread_blocked, id=2220, stack(0x000000ca37b00000,0x000000ca37c00000)]
  0x000001ebb406d000 JavaThread "Framework Event Dispatcher: Equinox Container: 568c1bc6-2ab7-4b0a-83de-c0dbc755491e" daemon [_thread_blocked, id=22692, stack(0x000000ca37f00000,0x000000ca38000000)]
  0x000001ebb33ef800 JavaThread "Start Level: Equinox Container: 568c1bc6-2ab7-4b0a-83de-c0dbc755491e" daemon [_thread_blocked, id=22736, stack(0x000000ca38000000,0x000000ca38100000)]
  0x000001ebb3879000 JavaThread "Refresh Thread: Equinox Container: 568c1bc6-2ab7-4b0a-83de-c0dbc755491e" daemon [_thread_blocked, id=22012, stack(0x000000ca38100000,0x000000ca38200000)]
  0x000001ebb4427000 JavaThread "SCR Component Actor" daemon [_thread_blocked, id=17340, stack(0x000000ca38300000,0x000000ca38400000)]
  0x000001ebb55bb800 JavaThread "Worker-JM" [_thread_blocked, id=23432, stack(0x000000ca38400000,0x000000ca38500000)]
  0x000001ebb55ba800 JavaThread "Worker-0: Updating Maven Dependencies" [_thread_blocked, id=22968, stack(0x000000ca38500000,0x000000ca38600000)]
  0x000001ebb55bf800 JavaThread "Worker-1: Register Watchers" [_thread_blocked, id=22924, stack(0x000000ca38600000,0x000000ca38700000)]
  0x000001ebb55bd000 JavaThread "Worker-2: Repository registry initialization" [_thread_in_vm, id=22972, stack(0x000000ca38700000,0x000000ca38800000)]
  0x000001ebb55c1000 JavaThread "Java indexing" daemon [_thread_blocked, id=23324, stack(0x000000ca38800000,0x000000ca38900000)]
  0x000001ebb55bc000 JavaThread "Bundle File Closer" daemon [_thread_blocked, id=23220, stack(0x000000ca38900000,0x000000ca38a00000)]
  0x000001ebb55c0800 JavaThread "logback configurator timer" daemon [_thread_blocked, id=12696, stack(0x000000ca38a00000,0x000000ca38b00000)]
  0x000001ebb55be000 JavaThread "pool-2-thread-1" [_thread_blocked, id=22464, stack(0x000000ca38b00000,0x000000ca38c00000)]
  0x000001ebb55be800 JavaThread "Worker-3: Initialize Workspace" [_thread_in_vm, id=22468, stack(0x000000ca38d00000,0x000000ca38e00000)]
  0x000001ebb6461800 JavaThread "Worker-4" [_thread_blocked, id=21848, stack(0x000000ca38e00000,0x000000ca38f00000)]
  0x000001ebb645f000 JavaThread "Worker-5" [_thread_blocked, id=1276, stack(0x000000ca38200000,0x000000ca38300000)]
  0x000001ebb645e000 JavaThread "Worker-6" [_thread_blocked, id=12080, stack(0x000000ca38f00000,0x000000ca39000000)]
  0x000001ebb64a2000 JavaThread "C2 CompilerThread1" daemon [_thread_in_native, id=23028, stack(0x000000ca38c00000,0x000000ca38d00000)]

Other Threads:
  0x000001eb9811c000 VMThread "VM Thread" [stack: 0x000000ca36c00000,0x000000ca36d00000] [id=22544]
  0x000001ebb30b3800 WatcherThread [stack: 0x000000ca37600000,0x000000ca37700000] [id=22636]
  0x000001eb9806b800 GCTaskThread "ParGC Thread#0" [stack: 0x000000ca36b00000,0x000000ca36c00000] [id=22600]
  0x000001ebb440b800 GCTaskThread "ParGC Thread#1" [stack: 0x000000ca37c00000,0x000000ca37d00000] [id=21180]
  0x000001ebb440c000 GCTaskThread "ParGC Thread#2" [stack: 0x000000ca37d00000,0x000000ca37e00000] [id=22504]
  0x000001ebb406c800 GCTaskThread "ParGC Thread#3" [stack: 0x000000ca37e00000,0x000000ca37f00000] [id=8456]

Threads with active compile tasks:
C2 CompilerThread04593   !   4       org.eclipse.osgi.internal.loader.classpath.ClasspathManager::defineClass (636 bytes)
C1 CompilerThread04850       3       sun.nio.fs.Globs::toRegexPattern (745 bytes)
C2 CompilerThread14717   !   4       org.eclipse.osgi.internal.loader.BundleLoader::findClass (531 bytes)

VM state:not at safepoint (normal execution)

VM Mutex/Monitor currently owned by a thread:  ([mutex/lock_event])
[0x000001eb98054650] AdapterHandlerLibrary_lock - owner thread: 0x000001ebb55be800

Heap address: 0x00000000c0000000, size: 1024 MB, Compressed Oops mode: 32-bit
Narrow klass base: 0x0000000000000000, Narrow klass shift: 3
Compressed class space size: 1073741824 Address: 0x0000000100000000

Heap:
 PSYoungGen      total 23552K, used 15992K [0x00000000eab00000, 0x00000000ec600000, 0x0000000100000000)
  eden space 21504K, 66% used [0x00000000eab00000,0x00000000eb8ee190,0x00000000ec000000)
  from space 2048K, 84% used [0x00000000ec000000,0x00000000ec1b0000,0x00000000ec200000)
  to   space 3072K, 0% used [0x00000000ec300000,0x00000000ec300000,0x00000000ec600000)
 ParOldGen       total 68608K, used 28150K [0x00000000c0000000, 0x00000000c4300000, 0x00000000eab00000)
  object space 68608K, 41% used [0x00000000c0000000,0x00000000c1b7dbe8,0x00000000c4300000)
 Metaspace       used 42987K, capacity 45169K, committed 45400K, reserved 1089536K
  class space    used 4418K, capacity 5166K, committed 5248K, reserved 1048576K

Card table byte_map: [0x000001eb97a10000,0x000001eb97c20000] _byte_map_base: 0x000001eb97410000

Marking Bits: (ParMarkBitMap*) 0x00007ffb9580b9c0
 Begin Bits: [0x000001ebaf370000, 0x000001ebb0370000)
 End Bits:   [0x000001ebb0370000, 0x000001ebb1370000)

Polling page: 0x000001eb977f0000

Metaspace:

Usage:
  Non-class:     39.07 MB capacity,    37.66 MB ( 96%) used,     1.32 MB (  3%) free+waste,    79.94 KB ( <1%) overhead. 
      Class:      5.04 MB capacity,     4.32 MB ( 86%) used,   709.49 KB ( 14%) free+waste,    37.81 KB ( <1%) overhead. 
       Both:     44.11 MB capacity,    41.98 MB ( 95%) used,     2.02 MB (  5%) free+waste,   117.75 KB ( <1%) overhead. 

Virtual space:
  Non-class space:       40.00 MB reserved,      39.21 MB ( 98%) committed 
      Class space:        1.00 GB reserved,       5.13 MB ( <1%) committed 
             Both:        1.04 GB reserved,      44.34 MB (  4%) committed 

Chunk freelists:
   Non-Class:  2.63 KB
       Class:  2.25 KB
        Both:  4.88 KB

CodeHeap 'non-profiled nmethods': size=120064Kb used=2277Kb max_used=2277Kb free=117786Kb
 bounds [0x000001eba7e30000, 0x000001eba80a0000, 0x000001ebaf370000]
CodeHeap 'profiled nmethods': size=120000Kb used=10559Kb max_used=10559Kb free=109440Kb
 bounds [0x000001eba0900000, 0x000001eba1360000, 0x000001eba7e30000]
CodeHeap 'non-nmethods': size=5696Kb used=1188Kb max_used=1263Kb free=4508Kb
 bounds [0x000001eba0370000, 0x000001eba05e0000, 0x000001eba0900000]
 total_blobs=6479 nmethods=4439 adapters=455
 compilation: enabled
              stopped_count=0, restarted_count=0
 full_count=0

Compilation events (10 events):
Event: 18.855 Thread 0x000001ebb1d26800 nmethod 4829 0x000001eba8068a90 code [0x000001eba8068c40, 0x000001eba8068d38]
Event: 18.855 Thread 0x000001ebb1d26800 4831       1       com.google.inject.internal.ConstructionContext::getCurrentReference (5 bytes)
Event: 18.855 Thread 0x000001ebb1d26800 nmethod 4831 0x000001eba8068e10 code [0x000001eba8068fc0, 0x000001eba80690d8]
Event: 18.855 Thread 0x000001ebb1d26800 4832       1       com.google.inject.internal.ConstructionContext::setCurrentReference (6 bytes)
Event: 18.855 Thread 0x000001ebb1d26800 nmethod 4832 0x000001eba8069190 code [0x000001eba8069340, 0x000001eba8069478]
Event: 18.859 Thread 0x000001ebb1d26800 4833   !   3       com.google.inject.internal.InternalFactoryToProviderAdapter::get (49 bytes)
Event: 18.860 Thread 0x000001ebb1d26800 nmethod 4833 0x000001eba1340c90 code [0x000001eba1340e80, 0x000001eba1341200]
Event: 18.860 Thread 0x000001ebb1d26800 4834   !   3       com.google.inject.internal.SingletonScope$1::get (425 bytes)
Event: 18.864 Thread 0x000001ebb1d26800 nmethod 4834 0x000001eba1341410 code [0x000001eba13419a0, 0x000001eba13449a0]
Event: 18.864 Thread 0x000001ebb1d26800 4840   !   3       java.security.Provider$Service::getImplClass (186 bytes)

GC Heap History (10 events):
Event: 17.493 GC heap before
{Heap before GC invocations=13 (full 2):
 PSYoungGen      total 26624K, used 26599K [0x00000000eab00000, 0x00000000ed000000, 0x0000000100000000)
  eden space 23552K, 100% used [0x00000000eab00000,0x00000000ec200000,0x00000000ec200000)
  from space 3072K, 99% used [0x00000000ec980000,0x00000000ecc79d78,0x00000000ecc80000)
  to   space 7168K, 0% used [0x00000000ec200000,0x00000000ec200000,0x00000000ec900000)
 ParOldGen       total 68608K, used 16550K [0x00000000c0000000, 0x00000000c4300000, 0x00000000eab00000)
  object space 68608K, 24% used [0x00000000c0000000,0x00000000c10299c8,0x00000000c4300000)
 Metaspace       used 40702K, capacity 42962K, committed 43096K, reserved 1087488K
  class space    used 4146K, capacity 4903K, committed 4992K, reserved 1048576K
}
Event: 17.500 GC heap after
{Heap after GC invocations=13 (full 2):
 PSYoungGen      total 25600K, used 2080K [0x00000000eab00000, 0x00000000eca00000, 0x0000000100000000)
  eden space 23040K, 0% used [0x00000000eab00000,0x00000000eab00000,0x00000000ec180000)
  from space 2560K, 81% used [0x00000000ec200000,0x00000000ec408010,0x00000000ec480000)
  to   space 4096K, 0% used [0x00000000ec600000,0x00000000ec600000,0x00000000eca00000)
 ParOldGen       total 68608K, used 19558K [0x00000000c0000000, 0x00000000c4300000, 0x00000000eab00000)
  object space 68608K, 28% used [0x00000000c0000000,0x00000000c1319ae0,0x00000000c4300000)
 Metaspace       used 40702K, capacity 42962K, committed 43096K, reserved 1087488K
  class space    used 4146K, capacity 4903K, committed 4992K, reserved 1048576K
}
Event: 17.853 GC heap before
{Heap before GC invocations=14 (full 2):
 PSYoungGen      total 25600K, used 25120K [0x00000000eab00000, 0x00000000eca00000, 0x0000000100000000)
  eden space 23040K, 100% used [0x00000000eab00000,0x00000000ec180000,0x00000000ec180000)
  from space 2560K, 81% used [0x00000000ec200000,0x00000000ec408010,0x00000000ec480000)
  to   space 4096K, 0% used [0x00000000ec600000,0x00000000ec600000,0x00000000eca00000)
 ParOldGen       total 68608K, used 19558K [0x00000000c0000000, 0x00000000c4300000, 0x00000000eab00000)
  object space 68608K, 28% used [0x00000000c0000000,0x00000000c1319b30,0x00000000c4300000)
 Metaspace       used 41469K, capacity 43742K, committed 43992K, reserved 1087488K
  class space    used 4248K, capacity 5033K, committed 5120K, reserved 1048576K
}
Event: 17.861 GC heap after
{Heap after GC invocations=14 (full 2):
 PSYoungGen      total 25600K, used 2432K [0x00000000eab00000, 0x00000000ec880000, 0x0000000100000000)
  eden space 23040K, 0% used [0x00000000eab00000,0x00000000eab00000,0x00000000ec180000)
  from space 2560K, 95% used [0x00000000ec600000,0x00000000ec860010,0x00000000ec880000)
  to   space 3072K, 0% used [0x00000000ec280000,0x00000000ec280000,0x00000000ec580000)
 ParOldGen       total 68608K, used 21609K [0x00000000c0000000, 0x00000000c4300000, 0x00000000eab00000)
  object space 68608K, 31% used [0x00000000c0000000,0x00000000c151a658,0x00000000c4300000)
 Metaspace       used 41469K, capacity 43742K, committed 43992K, reserved 1087488K
  class space    used 4248K, capacity 5033K, committed 5120K, reserved 1048576K
}
Event: 18.031 GC heap before
{Heap before GC invocations=15 (full 2):
 PSYoungGen      total 25600K, used 25472K [0x00000000eab00000, 0x00000000ec880000, 0x0000000100000000)
  eden space 23040K, 100% used [0x00000000eab00000,0x00000000ec180000,0x00000000ec180000)
  from space 2560K, 95% used [0x00000000ec600000,0x00000000ec860010,0x00000000ec880000)
  to   space 3072K, 0% used [0x00000000ec280000,0x00000000ec280000,0x00000000ec580000)
 ParOldGen       total 68608K, used 21612K [0x00000000c0000000, 0x00000000c4300000, 0x00000000eab00000)
  object space 68608K, 31% used [0x00000000c0000000,0x00000000c151b130,0x00000000c4300000)
 Metaspace       used 41764K, capacity 44030K, committed 44248K, reserved 1089536K
  class space    used 4289K, capacity 5065K, committed 5120K, reserved 1048576K
}
Event: 18.113 GC heap after
{Heap after GC invocations=15 (full 2):
 PSYoungGen      total 24576K, used 1952K [0x00000000eab00000, 0x00000000ec680000, 0x0000000100000000)
  eden space 22528K, 0% used [0x00000000eab00000,0x00000000eab00000,0x00000000ec100000)
  from space 2048K, 95% used [0x00000000ec280000,0x00000000ec468000,0x00000000ec480000)
  to   space 2048K, 0% used [0x00000000ec480000,0x00000000ec480000,0x00000000ec680000)
 ParOldGen       total 68608K, used 23962K [0x00000000c0000000, 0x00000000c4300000, 0x00000000eab00000)
  object space 68608K, 34% used [0x00000000c0000000,0x00000000c1766b38,0x00000000c4300000)
 Metaspace       used 41764K, capacity 44030K, committed 44248K, reserved 1089536K
  class space    used 4289K, capacity 5065K, committed 5120K, reserved 1048576K
}
Event: 18.415 GC heap before
{Heap before GC invocations=16 (full 2):
 PSYoungGen      total 24576K, used 24480K [0x00000000eab00000, 0x00000000ec680000, 0x0000000100000000)
  eden space 22528K, 100% used [0x00000000eab00000,0x00000000ec100000,0x00000000ec100000)
  from space 2048K, 95% used [0x00000000ec280000,0x00000000ec468000,0x00000000ec480000)
  to   space 2048K, 0% used [0x00000000ec480000,0x00000000ec480000,0x00000000ec680000)
 ParOldGen       total 68608K, used 23962K [0x00000000c0000000, 0x00000000c4300000, 0x00000000eab00000)
  object space 68608K, 34% used [0x00000000c0000000,0x00000000c1766b38,0x00000000c4300000)
 Metaspace       used 41985K, capacity 44196K, committed 44248K, reserved 1089536K
  class space    used 4318K, capacity 5098K, committed 5120K, reserved 1048576K
}
Event: 18.453 GC heap after
{Heap after GC invocations=16 (full 2):
 PSYoungGen      total 23552K, used 2016K [0x00000000eab00000, 0x00000000ec980000, 0x0000000100000000)
  eden space 21504K, 0% used [0x00000000eab00000,0x00000000eab00000,0x00000000ec000000)
  from space 2048K, 98% used [0x00000000ec480000,0x00000000ec678010,0x00000000ec680000)
  to   space 4608K, 0% used [0x00000000ec000000,0x00000000ec000000,0x00000000ec480000)
 ParOldGen       total 68608K, used 26132K [0x00000000c0000000, 0x00000000c4300000, 0x00000000eab00000)
  object space 68608K, 38% used [0x00000000c0000000,0x00000000c1985348,0x00000000c4300000)
 Metaspace       used 41985K, capacity 44196K, committed 44248K, reserved 1089536K
  class space    used 4318K, capacity 5098K, committed 5120K, reserved 1048576K
}
Event: 18.584 GC heap before
{Heap before GC invocations=17 (full 2):
 PSYoungGen      total 23552K, used 23520K [0x00000000eab00000, 0x00000000ec980000, 0x0000000100000000)
  eden space 21504K, 100% used [0x00000000eab00000,0x00000000ec000000,0x00000000ec000000)
  from space 2048K, 98% used [0x00000000ec480000,0x00000000ec678010,0x00000000ec680000)
  to   space 4608K, 0% used [0x00000000ec000000,0x00000000ec000000,0x00000000ec480000)
 ParOldGen       total 68608K, used 26132K [0x00000000c0000000, 0x00000000c4300000, 0x00000000eab00000)
  object space 68608K, 38% used [0x00000000c0000000,0x00000000c1985348,0x00000000c4300000)
 Metaspace       used 42392K, capacity 44644K, committed 44888K, reserved 1089536K
  class space    used 4373K, capacity 5162K, committed 5248K, reserved 1048576K
}
Event: 18.627 GC heap after
{Heap after GC invocations=17 (full 2):
 PSYoungGen      total 23552K, used 1728K [0x00000000eab00000, 0x00000000ec600000, 0x0000000100000000)
  eden space 21504K, 0% used [0x00000000eab00000,0x00000000eab00000,0x00000000ec000000)
  from space 2048K, 84% used [0x00000000ec000000,0x00000000ec1b0000,0x00000000ec200000)
  to   space 3072K, 0% used [0x00000000ec300000,0x00000000ec300000,0x00000000ec600000)
 ParOldGen       total 68608K, used 28150K [0x00000000c0000000, 0x00000000c4300000, 0x00000000eab00000)
  object space 68608K, 41% used [0x00000000c0000000,0x00000000c1b7dbe8,0x00000000c4300000)
 Metaspace       used 42392K, capacity 44644K, committed 44888K, reserved 1089536K
  class space    used 4373K, capacity 5162K, committed 5248K, reserved 1048576K
}

Deoptimization events (10 events):
Event: 17.729 Thread 0x000001ebb55be800 Uncommon trap: reason=predicate action=maybe_recompile pc=0x000001eba80338bc method=java.util.TimSort.binarySort([Ljava/lang/Object;IIILjava/util/Comparator;)V @ 34 c2
Event: 17.831 Thread 0x000001ebb55bd000 Uncommon trap: reason=array_check action=maybe_recompile pc=0x000001eba8036238 method=java.util.TimSort.binarySort([Ljava/lang/Object;IIILjava/util/Comparator;)V @ 183 c2
Event: 17.831 Thread 0x000001ebb55bd000 Uncommon trap: reason=array_check action=maybe_recompile pc=0x000001eba80360d4 method=java.util.TimSort.binarySort([Ljava/lang/Object;IIILjava/util/Comparator;)V @ 193 c2
Event: 17.831 Thread 0x000001ebb55bd000 Uncommon trap: reason=array_check action=maybe_recompile pc=0x000001eba8036238 method=java.util.TimSort.binarySort([Ljava/lang/Object;IIILjava/util/Comparator;)V @ 183 c2
Event: 17.833 Thread 0x000001ebb55bd000 Uncommon trap: reason=array_check action=maybe_recompile pc=0x000001eba80360d4 method=java.util.TimSort.binarySort([Ljava/lang/Object;IIILjava/util/Comparator;)V @ 193 c2
Event: 17.852 Thread 0x000001ebb55be800 Uncommon trap: reason=profile_predicate action=maybe_recompile pc=0x000001eba803a8b8 method=org.eclipse.jdt.internal.core.util.HashtableOfArrayToObject.get([Ljava/lang/Object;)Ljava/lang/Object; @ 64 c2
Event: 17.862 Thread 0x000001ebb55be800 Uncommon trap: reason=array_check action=maybe_recompile pc=0x000001eba804160c method=java.util.TimSort.binarySort([Ljava/lang/Object;IIILjava/util/Comparator;)V @ 215 c2
Event: 17.862 Thread 0x000001ebb55bd000 Uncommon trap: reason=array_check action=maybe_recompile pc=0x000001eba804160c method=java.util.TimSort.binarySort([Ljava/lang/Object;IIILjava/util/Comparator;)V @ 215 c2
Event: 18.812 Thread 0x000001ebb55be800 Uncommon trap: reason=unstable_if action=reinterpret pc=0x000001eba805faf4 method=java.util.regex.Matcher.reset()Ljava/util/regex/Matcher; @ 71 c2
Event: 18.818 Thread 0x000001ebb55be800 Uncommon trap: reason=unstable_if action=reinterpret pc=0x000001eba7f49d78 method=java.util.Objects.equals(Ljava/lang/Object;Ljava/lang/Object;)Z @ 6 c2

Classes redefined (0 events):
No events

Internal exceptions (10 events):
Event: 12.680 Thread 0x000001ebb55be000 Implicit null exception at 0x000001eba7eabef4 to 0x000001eba7eadde6
Event: 12.681 Thread 0x000001ebb55be000 Implicit null exception at 0x000001eba7ea37be to 0x000001eba7ea5882
Event: 13.438 Thread 0x000001ebb55be000 Exception <a 'java/lang/NoSuchMethodError'{0x00000000ec350878}: java.lang.invoke.DirectMethodHandle$Holder.invokeStatic(Ljava/lang/Object;Ljava/lang/Object;Ljava/lang/Object;Ljava/lang/Object;Ljava/lang/Object;Ljava/lang/Object;)V> (0x00000000ec350878) th
Event: 13.926 Thread 0x000001ebb55be800 Exception <a 'java/io/FileNotFoundException'{0x00000000eacdcd10}> (0x00000000eacdcd10) thrown at [t:/workspace/open/src/hotspot/share/prims/jni.cpp, line 615]
Event: 13.943 Thread 0x000001ebb55be800 Exception <a 'java/io/FileNotFoundException'{0x00000000ead0b818}> (0x00000000ead0b818) thrown at [t:/workspace/open/src/hotspot/share/prims/jni.cpp, line 615]
Event: 13.952 Thread 0x000001ebb55be800 Exception <a 'java/io/FileNotFoundException'{0x00000000ead42dd0}> (0x00000000ead42dd0) thrown at [t:/workspace/open/src/hotspot/share/prims/jni.cpp, line 615]
Event: 16.584 Thread 0x000001ebb55be800 Exception <a 'java/io/FileNotFoundException'{0x00000000ebfb4380}> (0x00000000ebfb4380) thrown at [t:/workspace/open/src/hotspot/share/prims/jni.cpp, line 615]
Event: 16.585 Thread 0x000001ebb55be800 Exception <a 'java/io/FileNotFoundException'{0x00000000ebfb6020}> (0x00000000ebfb6020) thrown at [t:/workspace/open/src/hotspot/share/prims/jni.cpp, line 615]
Event: 18.574 Thread 0x000001ebb55bd000 Exception <a 'java/lang/NoClassDefFoundError'{0x00000000ebcbe7b0}: com/google/inject/servlet/ServletModuleTargetVisitor> (0x00000000ebcbe7b0) thrown at [t:/workspace/open/src/hotspot/share/classfile/systemDictionary.cpp, line 220]
Event: 18.575 Thread 0x000001ebb55bd000 Exception <a 'java/lang/NoClassDefFoundError'{0x00000000ebcc2830}: javax/annotation/Priority> (0x00000000ebcc2830) thrown at [t:/workspace/open/src/hotspot/share/classfile/systemDictionary.cpp, line 220]

Events (10 events):
Event: 18.820 loading class java/nio/file/FileTreeWalker$1
Event: 18.820 loading class java/nio/file/FileTreeWalker$1 done
Event: 18.821 loading class sun/nio/fs/Globs
Event: 18.821 loading class sun/nio/fs/Globs done
Event: 18.821 loading class java/util/regex/Pattern$SliceU
Event: 18.821 loading class java/util/regex/Pattern$SliceU done
Event: 18.821 loading class sun/nio/fs/WindowsFileSystem$2
Event: 18.822 loading class java/nio/file/PathMatcher
Event: 18.822 loading class java/nio/file/PathMatcher done
Event: 18.822 loading class sun/nio/fs/WindowsFileSystem$2 done


Dynamic libraries:
0x00007ff741c30000 - 0x00007ff741c75000 	C:\Program Files\Java\jdk-11.0.2\bin\java.exe
0x00007ffbe5a20000 - 0x00007ffbe5c10000 	C:\WINDOWS\SYSTEM32\ntdll.dll
0x00007ffbe4d20000 - 0x00007ffbe4dd2000 	C:\WINDOWS\System32\KERNEL32.DLL
0x00007ffbe3680000 - 0x00007ffbe3925000 	C:\WINDOWS\System32\KERNELBASE.dll
0x00007ffbe5210000 - 0x00007ffbe53a4000 	C:\WINDOWS\System32\USER32.dll
0x00007ffbe3360000 - 0x00007ffbe3381000 	C:\WINDOWS\System32\win32u.dll
0x00007ffbe5600000 - 0x00007ffbe5626000 	C:\WINDOWS\System32\GDI32.dll
0x00007ffbe34e0000 - 0x00007ffbe3676000 	C:\WINDOWS\System32\gdi32full.dll
0x00007ffbe3440000 - 0x00007ffbe34de000 	C:\WINDOWS\System32\msvcp_win.dll
0x00007ffbe29e0000 - 0x00007ffbe2ada000 	C:\WINDOWS\System32\ucrtbase.dll
0x00007ffbc2d10000 - 0x00007ffbc2f94000 	C:\WINDOWS\WinSxS\amd64_microsoft.windows.common-controls_6595b64144ccf1df_6.0.18362.1256_none_9e7e379be45e40e2\COMCTL32.dll
0x00007ffbe50b0000 - 0x00007ffbe514e000 	C:\WINDOWS\System32\msvcrt.dll
0x00007ffbe4840000 - 0x00007ffbe4b76000 	C:\WINDOWS\System32\combase.dll
0x00007ffbe4c00000 - 0x00007ffbe4d20000 	C:\WINDOWS\System32\RPCRT4.dll
0x00007ffbe32d0000 - 0x00007ffbe3351000 	C:\WINDOWS\System32\bcryptPrimitives.dll
0x00007ffbe4ee0000 - 0x00007ffbe4f0e000 	C:\WINDOWS\System32\IMM32.DLL
0x00007ffbe00b0000 - 0x00007ffbe00c6000 	C:\Program Files\Java\jdk-11.0.2\bin\vcruntime140.dll
0x00007ffbac290000 - 0x00007ffbac33a000 	C:\Program Files\Java\jdk-11.0.2\bin\msvcp140.dll
0x00007ffb94da0000 - 0x00007ffb958c3000 	C:\WINDOWS\System32\KERNEL32.DLL
0x00007ffbe4f10000 - 0x00007ffbe4fb3000 	C:\WINDOWS\System32\GDI32.dll
0x00007ffbe5940000 - 0x00007ffbe59d7000 	C:\WINDOWS\System32\ucrtbase.dll
0x00007ffbe3c20000 - 0x00007ffbe3c28000 	C:\WINDOWS\System32\msvcrt.dll
0x00007ffbc9da0000 - 0x00007ffbc9da9000 	C:\WINDOWS\System32\RPCRT4.dll
0x00007ffbe5040000 - 0x00007ffbe50af000 	C:\WINDOWS\System32\IMM32.DLL
0x00007ffbdeb80000 - 0x00007ffbdeba4000 	C:\Program Files\Java\jdk-11.0.2\bin\msvcp140.dll
0x00007ffbd6640000 - 0x00007ffbd664a000 	C:\WINDOWS\System32\ADVAPI32.dll
0x00007ffbdeb50000 - 0x00007ffbdeb7d000 	C:\WINDOWS\SYSTEM32\WINMMBASE.dll
0x00007ffbe2990000 - 0x00007ffbe29da000 	C:\WINDOWS\SYSTEM32\WSOCK32.dll
0x00007ffbe28f0000 - 0x00007ffbe2901000 	C:\WINDOWS\System32\kernel.appcore.dll
0x00007ffbb7690000 - 0x00007ffbb76a1000 	C:\Program Files\Java\jdk-11.0.2\bin\verify.dll
0x00007ffbca4e0000 - 0x00007ffbca6d4000 	C:\WINDOWS\SYSTEM32\DBGHELP.DLL
0x00007ffbc9070000 - 0x00007ffbc909a000 	C:\WINDOWS\SYSTEM32\dbgcore.DLL
0x00007ffba8350000 - 0x00007ffba8378000 	C:\Program Files\Java\jdk-11.0.2\bin\java.dll
0x00007ffbb72c0000 - 0x00007ffbb72d6000 	C:\Program Files\Java\jdk-11.0.2\bin\zip.dll
0x00007ffbd66b0000 - 0x00007ffbd66ba000 	C:\Program Files\Java\jdk-11.0.2\bin\jimage.dll
0x00007ffbe4150000 - 0x00007ffbe4837000 	C:\WINDOWS\System32\SHELL32.dll
0x00007ffbe40a0000 - 0x00007ffbe4149000 	C:\WINDOWS\System32\shcore.dll
0x00007ffbe2ae0000 - 0x00007ffbe3261000 	C:\WINDOWS\System32\windows.storage.dll
0x00007ffbe2960000 - 0x00007ffbe2983000 	C:\WINDOWS\System32\profapi.dll
0x00007ffbe2910000 - 0x00007ffbe295a000 	C:\WINDOWS\System32\powrprof.dll
0x00007ffbe28c0000 - 0x00007ffbe28d0000 	C:\WINDOWS\System32\UMPDC.dll
0x00007ffbe53b0000 - 0x00007ffbe5402000 	C:\WINDOWS\System32\shlwapi.dll
0x00007ffbe3930000 - 0x00007ffbe3947000 	C:\WINDOWS\System32\cryptsp.dll
0x00007ffbb7270000 - 0x00007ffbb7289000 	C:\Program Files\Java\jdk-11.0.2\bin\net.dll
0x00007ffbdc760000 - 0x00007ffbdc850000 	C:\WINDOWS\SYSTEM32\WINHTTP.dll
0x00007ffbcc5c0000 - 0x00007ffbcc796000 	C:\WINDOWS\SYSTEM32\urlmon.dll
0x00007ffbcf820000 - 0x00007ffbcfac7000 	C:\WINDOWS\SYSTEM32\iertutil.dll
0x00007ffbe2240000 - 0x00007ffbe224c000 	C:\WINDOWS\SYSTEM32\CRYPTBASE.DLL
0x00007ffbe20c0000 - 0x00007ffbe2127000 	C:\WINDOWS\system32\mswsock.dll
0x00007ffbb5530000 - 0x00007ffbb5543000 	C:\Program Files\Java\jdk-11.0.2\bin\nio.dll
0x00007ffbe1c40000 - 0x00007ffbe1c73000 	C:\WINDOWS\system32\rsaenh.dll
0x00007ffbe3aa0000 - 0x00007ffbe3ac6000 	C:\WINDOWS\System32\bcrypt.dll
0x00007ffbe27a0000 - 0x00007ffbe27c5000 	C:\WINDOWS\SYSTEM32\USERENV.dll
0x00007ffbe1de0000 - 0x00007ffbe1e1a000 	C:\WINDOWS\SYSTEM32\IPHLPAPI.DLL
0x00007ffbe4bf0000 - 0x00007ffbe4bf8000 	C:\WINDOWS\System32\NSI.dll
0x00007ffbd5a10000 - 0x00007ffbd5a26000 	C:\WINDOWS\SYSTEM32\dhcpcsvc6.DLL
0x00007ffbd5220000 - 0x00007ffbd523c000 	C:\WINDOWS\SYSTEM32\dhcpcsvc.DLL
0x00007ffbe1e20000 - 0x00007ffbe1eeb000 	C:\WINDOWS\SYSTEM32\DNSAPI.dll
0x00007ffbaec10000 - 0x00007ffbaec3a000 	C:\Users\PMRecife\AppData\Roaming\Code\User\globalStorage\redhat.java\0.74.0\config_win\org.eclipse.equinox.launcher\org.eclipse.equinox.launcher.win32.win32.x86_64_1.2.0.v20200915-1442\eclipse_11100.dll
0x00007ffbc6d30000 - 0x00007ffbc6d41000 	C:\Users\PMRecife\AppData\Roaming\Code\User\globalStorage\redhat.java\0.74.0\config_win\org.eclipse.osgi\23\0\.cp\jWinHttp-1.0.0.dll
0x00007ffbe57e0000 - 0x00007ffbe5937000 	C:\WINDOWS\System32\ole32.dll

dbghelp: loaded successfully - version: 4.0.5 - missing functions: none
symbol engine: initialized successfully - sym options: 0x614 - pdb path: .;C:\Program Files\Java\jdk-11.0.2\bin;C:\WINDOWS\SYSTEM32;C:\WINDOWS\WinSxS\amd64_microsoft.windows.common-controls_6595b64144ccf1df_6.0.18362.1256_none_9e7e379be45e40e2;C:\Program Files\Java\jdk-11.0.2\bin\server;C:\Users\PMRecife\AppData\Roaming\Code\User\globalStorage\redhat.java\0.74.0\config_win\org.eclipse.equinox.launcher\org.eclipse.equinox.launcher.win32.win32.x86_64_1.2.0.v20200915-1442;C:\Users\PMRecife\AppData\Roaming\Code\User\globalStorage\redhat.java\0.74.0\config_win\org.eclipse.osgi\23\0\.cp

VM Arguments:
jvm_args: --add-modules=ALL-SYSTEM --add-opens=java.base/java.util=ALL-UNNAMED --add-opens=java.base/java.lang=ALL-UNNAMED -Declipse.application=org.eclipse.jdt.ls.core.id1 -Dosgi.bundles.defaultStartLevel=4 -Declipse.product=org.eclipse.jdt.ls.core.product -Dfile.encoding=utf8 -DwatchParentProcess=false -XX:+UseParallelGC -XX:GCTimeRatio=4 -XX:AdaptiveSizePolicyWeight=90 -Dsun.zip.disableMemoryMapping=true -Xmx1G -Xms100m -Xverify:none 
java_command: c:\Users\PMRecife\.vscode\extensions\redhat.java-0.74.0\server\plugins\org.eclipse.equinox.launcher_1.6.0.v20200915-1508.jar -configuration c:\Users\PMRecife\AppData\Roaming\Code\User\globalStorage\redhat.java\0.74.0\config_win -data c:\Users\PMRecife\AppData\Roaming\Code\User\workspaceStorage\d1ab366f57f617f5db13cab5c88895f1\redhat.java\jdt_ws
java_class_path (initial): c:\Users\PMRecife\.vscode\extensions\redhat.java-0.74.0\server\plugins\org.eclipse.equinox.launcher_1.6.0.v20200915-1508.jar
Launcher Type: SUN_STANDARD

[Global flags]
    uintx AdaptiveSizePolicyWeight                 = 90                                        {product} {command line}
     bool BytecodeVerificationLocal                = false                                     {product} {command line}
     bool BytecodeVerificationRemote               = false                                     {product} {command line}
     intx CICompilerCount                          = 3                                         {product} {ergonomic}
    uintx GCTimeRatio                              = 4                                         {product} {command line}
   size_t InitialHeapSize                          = 104857600                                 {product} {command line}
   size_t MaxHeapSize                              = 1073741824                                {product} {command line}
   size_t MaxNewSize                               = 357564416                                 {product} {ergonomic}
   size_t MinHeapDeltaBytes                        = 524288                                    {product} {ergonomic}
   size_t NewSize                                  = 34603008                                  {product} {ergonomic}
    uintx NonNMethodCodeHeapSize                   = 5830092                                {pd product} {ergonomic}
    uintx NonProfiledCodeHeapSize                  = 122914074                              {pd product} {ergonomic}
   size_t OldSize                                  = 70254592                                  {product} {ergonomic}
    uintx ProfiledCodeHeapSize                     = 122914074                              {pd product} {ergonomic}
    uintx ReservedCodeCacheSize                    = 251658240                              {pd product} {ergonomic}
     bool SegmentedCodeCache                       = true                                      {product} {ergonomic}
     bool UseCompressedClassPointers               = true                                 {lp64_product} {ergonomic}
     bool UseCompressedOops                        = true                                 {lp64_product} {ergonomic}
     bool UseLargePagesIndividualAllocation        = false                                  {pd product} {ergonomic}
     bool UseParallelGC                            = true                                      {product} {command line}

Logging:
Log output configuration:
 #0: stdout all=warning uptime,level,tags
 #1: stderr all=off uptime,level,tags

Environment Variables:
JAVA_HOME=C:\Program Files\Java\jdk-11.0.2
PATH=%M2_home%\bin;C:\Program Files\Git\cmd;C:\Program Files\nodejs\;C:\Program Files\Java\jdk-11.0.2\bin;C:\Program Files\Java\jdk-11.0.2;C:\apache-maven-3.6.3\bin;C:\APPs\apache-tomcat-7.0.104\bin;C:\Program Files\heroku\bin;C:\Users\PMRecife\AppData\Local\Programs\Microsoft VS Code\bin;C:\Users\PMRecife\AppData\Local\GitHubDesktop\bin;C:\Users\PMRecife\AppData\Roaming\npm
USERNAME=Professor
OS=Windows_NT
PROCESSOR_IDENTIFIER=Intel64 Family 6 Model 142 Stepping 9, GenuineIntel



---------------  S Y S T E M  ---------------

OS: Windows 10 , 64 bit Build 18362 (10.0.18362.1110)

CPU:total 4 (initial active 4) (2 cores per cpu, 2 threads per core) family 6 model 142 stepping 9, cmov, cx8, fxsr, mmx, sse, sse2, sse3, ssse3, sse4.1, sse4.2, popcnt, avx, avx2, aes, clmul, erms, 3dnowpref, lzcnt, ht, tsc, tscinvbit, bmi1, bmi2, adx, fma

Memory: 4k page, system-wide physical 8113M (1351M free)
TotalPageFile size 10023M (AvailPageFile size 5M)
current process WorkingSet (physical memory assigned to process): 194M, peak: 199M
current process commit charge ("private bytes"): 273M, peak: 296M

vm_info: OpenJDK 64-Bit Server VM (11.0.2+9) for windows-amd64 JRE (11.0.2+9), built on Jan 18 2019 05:23:22 by "mach5one" with MS VC++ 15.5 (VS2017)

END.
